<?xml version="1.0" encoding="UTF-8"?>
<!-- Generated by org.testng.reporters.JUnitReportReporter -->
<testsuite skipped="0" hostname="DESKTOP-RVOGGDU" name="com.user.work.WorkingTest" tests="8" failures="0" timestamp="13 十二月 2017 08:50:29 GMT" time="54.135" errors="0">
  <testcase name="clickPbutton2" time="6.398" classname="com.user.work.WorkingTest"/>
  <testcase name="clickNamebutton1" time="6.305" classname="com.user.work.WorkingTest"/>
  <testcase name="clickNamebutton2" time="6.316" classname="com.user.work.WorkingTest"/>
  <testcase name="clickworkbutton" time="6.417" classname="com.user.work.WorkingTest"/>
  <testcase name="clickbianhaobutton2" time="6.373" classname="com.user.work.WorkingTest"/>
  <testcase name="clickQuanxbutton" time="9.642" classname="com.user.work.WorkingTest"/>
  <testcase name="clickbianhaobutton1" time="6.345" classname="com.user.work.WorkingTest"/>
  <testcase name="clickPbutton1" time="6.339" classname="com.user.work.WorkingTest"/>
</testsuite> <!-- com.user.work.WorkingTest -->
