<?xml version="1.0" encoding="UTF-8"?>
<!-- Generated by org.testng.reporters.JUnitReportReporter -->
<testsuite skipped="0" hostname="DESKTOP-RVOGGDU" name="com.admin.team.Settings" tests="4" failures="0" timestamp="24 十一月 2017 00:15:42 GMT" time="16.272" errors="0">
  <testcase name="clickteambutton" time="3.489" classname="com.admin.team.Settings"/>
  <testcase name="deleteBumen" time="3.099" classname="com.admin.team.Settings"/>
  <testcase name="clicksettingbutton" time="6.405" classname="com.admin.team.Settings"/>
  <testcase name="dataAddBankuai" time="3.279" classname="com.admin.team.Settings"/>
</testsuite> <!-- com.admin.team.Settings -->
