<?xml version="1.0" encoding="UTF-8"?>
<!-- Generated by org.testng.reporters.JUnitReportReporter -->
<testsuite skipped="0" hostname="DESKTOP-RVOGGDU" name="com.admin.team.SettingsRole" tests="3" failures="0" timestamp="13 十二月 2017 08:50:29 GMT" time="40.598" errors="0">
  <testcase name="addRole" time="13.870" classname="com.admin.team.SettingsRole"/>
  <testcase name="beforeSettingsRole" time="20.304" classname="com.admin.team.SettingsRole"/>
  <testcase name="changeRole" time="6.424" classname="com.admin.team.SettingsRole"/>
</testsuite> <!-- com.admin.team.SettingsRole -->
