<?xml version="1.0" encoding="UTF-8"?>
<!-- Generated by org.testng.reporters.JUnitReportReporter -->
<testsuite skipped="0" hostname="DESKTOP-RVOGGDU" name="com.admin.team.SettingsBankuai" tests="2" failures="0" timestamp="06 十二月 2017 12:31:55 GMT" time="26.037" errors="0">
  <testcase name="before" time="15.326" classname="com.admin.team.SettingsBankuai"/>
  <testcase name="AddZiBank" time="10.711" classname="com.admin.team.SettingsBankuai"/>
</testsuite> <!-- com.admin.team.SettingsBankuai -->
