<?xml version="1.0" encoding="UTF-8"?>
<!-- Generated by org.testng.reporters.JUnitReportReporter -->
<testsuite skipped="0" hostname="DESKTOP-RVOGGDU" name="com.admin.team.AddBoke" tests="1" failures="0" timestamp="08 十二月 2017 02:59:30 GMT" time="9.954" errors="0">
  <testcase name="before" time="9.954" classname="com.admin.team.AddBoke"/>
</testsuite> <!-- com.admin.team.AddBoke -->
