<?xml version="1.0" encoding="UTF-8"?>
<!-- Generated by org.testng.reporters.JUnitReportReporter -->
<testsuite skipped="0" hostname="DESKTOP-RVOGGDU" name="com.user.waiting.WaitingtoWork" tests="1" failures="0" timestamp="21 十一月 2017 02:28:23 GMT" time="6.489" errors="0">
  <testcase name="OpenAdd" time="6.489" classname="com.user.waiting.WaitingtoWork"/>
</testsuite> <!-- com.user.waiting.WaitingtoWork -->
