<?xml version="1.0" encoding="UTF-8"?>
<!-- Generated by org.testng.reporters.JUnitReportReporter -->
<testsuite skipped="0" hostname="DESKTOP-RVOGGDU" name="com.admin.login.SettingsBankuai" tests="4" failures="0" timestamp="12 十二月 2017 08:29:42 GMT" time="57.284" errors="0">
  <testcase name="AddZiBank" time="10.047" classname="com.admin.login.SettingsBankuai"/>
  <testcase name="BianjiZibank" time="26.587" classname="com.admin.login.SettingsBankuai"/>
  <testcase name="beforeSettingsBankuai" time="14.039" classname="com.admin.login.SettingsBankuai"/>
  <testcase name="AddBankuai" time="6.611" classname="com.admin.login.SettingsBankuai"/>
</testsuite> <!-- com.admin.login.SettingsBankuai -->
