<?xml version="1.0" encoding="UTF-8"?>
<!-- Generated by org.testng.reporters.JUnitReportReporter -->
<testsuite skipped="0" hostname="DESKTOP-RVOGGDU" name="com.user.waiting.WaitingtoWork" tests="6" failures="0" timestamp="23 十一月 2017 07:43:45 GMT" time="29.650" errors="0">
  <testcase name="OpenAdd" time="9.930" classname="com.user.waiting.WaitingtoWork"/>
  <testcase name="typedescribe" time="3.209" classname="com.user.waiting.WaitingtoWork"/>
  <testcase name="OpenAddName" time="3.471" classname="com.user.waiting.WaitingtoWork"/>
  <testcase name="selectdaiding" time="6.324" classname="com.user.waiting.WaitingtoWork"/>
  <testcase name="selectfirst" time="3.369" classname="com.user.waiting.WaitingtoWork"/>
  <testcase name="selectwho" time="3.347" classname="com.user.waiting.WaitingtoWork"/>
</testsuite> <!-- com.user.waiting.WaitingtoWork -->
