<?xml version="1.0" encoding="UTF-8"?>
<!-- Generated by org.testng.reporters.JUnitReportReporter -->
<testsuite skipped="0" hostname="DESKTOP-RVOGGDU" name="com.admin.team.AddBoke" tests="2" failures="0" timestamp="11 十二月 2017 09:23:08 GMT" time="37.336" errors="0">
  <testcase name="before" time="9.843" classname="com.admin.team.AddBoke"/>
  <testcase name="openAddBoke" time="27.493" classname="com.admin.team.AddBoke"/>
</testsuite> <!-- com.admin.team.AddBoke -->
