<?xml version="1.0" encoding="UTF-8"?>
<!-- Generated by org.testng.reporters.JUnitReportReporter -->
<testsuite skipped="0" hostname="DESKTOP-RVOGGDU" name="com.admin.login.LoginTest" tests="2" failures="0" timestamp="21 十一月 2017 02:05:34 GMT" time="17.059" errors="0">
  <testcase name="LoginSuccess" time="9.290" classname="com.admin.login.LoginTest"/>
  <testcase name="LoginFail" time="7.769" classname="com.admin.login.LoginTest"/>
</testsuite> <!-- com.admin.login.LoginTest -->
