<?xml version="1.0" encoding="UTF-8"?>
<!-- Generated by org.testng.reporters.JUnitReportReporter -->
<testsuite skipped="0" hostname="DESKTOP-RVOGGDU" name="com.admin.team.SettingsBankuai" tests="3" failures="0" timestamp="13 十二月 2017 07:26:36 GMT" time="45.668" errors="0">
  <testcase name="beforeSettingsBankuai" time="13.089" classname="com.admin.team.SettingsBankuai"/>
  <testcase name="AddBankuai" time="6.421" classname="com.admin.team.SettingsBankuai"/>
  <testcase name="BianjiZibank" time="26.158" classname="com.admin.team.SettingsBankuai"/>
</testsuite> <!-- com.admin.team.SettingsBankuai -->
