<?xml version="1.0" encoding="UTF-8"?>
<!-- Generated by org.testng.reporters.JUnitReportReporter -->
<testsuite skipped="0" hostname="DESKTOP-RVOGGDU" name="com.user.waiting.WaitingtoWork" tests="10" failures="0" timestamp="13 十二月 2017 08:50:29 GMT" time="130.092" errors="0">
  <testcase name="all" time="10.100" classname="com.user.waiting.WaitingtoWork"/>
  <testcase name="me" time="10.036" classname="com.user.waiting.WaitingtoWork"/>
  <testcase name="zhipai" time="16.372" classname="com.user.waiting.WaitingtoWork"/>
  <testcase name="unfinishedWork" time="22.347" classname="com.user.waiting.WaitingtoWork"/>
  <testcase name="daiding" time="9.964" classname="com.user.waiting.WaitingtoWork"/>
  <testcase name="others" time="10.064" classname="com.user.waiting.WaitingtoWork"/>
  <testcase name="changeFinish" time="13.385" classname="com.user.waiting.WaitingtoWork"/>
  <testcase name="OpenAddName" time="14.383" classname="com.user.waiting.WaitingtoWork"/>
  <testcase name="changeOpen" time="13.307" classname="com.user.waiting.WaitingtoWork"/>
  <testcase name="unfinished" time="10.134" classname="com.user.waiting.WaitingtoWork"/>
</testsuite> <!-- com.user.waiting.WaitingtoWork -->
