<?xml version="1.0" encoding="UTF-8"?>
<!-- Generated by org.testng.reporters.JUnitReportReporter -->
<testsuite skipped="0" hostname="DESKTOP-RVOGGDU" name="com.admin.team.SettingsBumen" tests="4" failures="0" timestamp="13 十二月 2017 08:50:29 GMT" time="55.166" errors="0">
  <testcase name="clickteambutton" time="22.951" classname="com.admin.team.SettingsBumen"/>
  <testcase name="beforeSettingsBumen" time="16.214" classname="com.admin.team.SettingsBumen"/>
  <testcase name="DeleteBumen" time="6.248" classname="com.admin.team.SettingsBumen"/>
  <testcase name="AddBumen" time="9.753" classname="com.admin.team.SettingsBumen"/>
</testsuite> <!-- com.admin.team.SettingsBumen -->
