<?xml version="1.0" encoding="UTF-8"?>
<!-- Generated by org.testng.reporters.JUnitReportReporter -->
<testsuite skipped="0" hostname="DESKTOP-RVOGGDU" name="com.user.work.WorkingTest" tests="7" failures="0" timestamp="21 十一月 2017 03:09:55 GMT" time="45.920" errors="0">
  <testcase name="clickworkbutton" time="6.498" classname="com.user.work.WorkingTest"/>
  <testcase name="clickbianhaobutton1" time="6.516" classname="com.user.work.WorkingTest"/>
  <testcase name="clickbianhaobutton2" time="6.644" classname="com.user.work.WorkingTest"/>
  <testcase name="clickPbutton1" time="6.705" classname="com.user.work.WorkingTest"/>
  <testcase name="clickPbutton2" time="6.552" classname="com.user.work.WorkingTest"/>
  <testcase name="clickNamebutton1" time="6.546" classname="com.user.work.WorkingTest"/>
  <testcase name="clickNamebutton2" time="6.459" classname="com.user.work.WorkingTest"/>
</testsuite> <!-- com.user.work.WorkingTest -->
