<?xml version="1.0" encoding="UTF-8"?>
<!-- Generated by org.testng.reporters.JUnitReportReporter -->
<testsuite skipped="0" hostname="DESKTOP-RVOGGDU" name="com.admin.login.LoginTest" tests="2" failures="0" timestamp="08 十二月 2017 02:55:16 GMT" time="10.517" errors="0">
  <testcase name="LoginSuccess" time="5.694" classname="com.admin.login.LoginTest"/>
  <testcase name="LoginFail" time="4.823" classname="com.admin.login.LoginTest"/>
</testsuite> <!-- com.admin.login.LoginTest -->
