<?xml version="1.0" encoding="UTF-8"?>
<!-- Generated by org.testng.reporters.JUnitReportReporter -->
<testsuite skipped="0" hostname="DESKTOP-RVOGGDU" name="com.admin.team.Boke" tests="2" failures="0" timestamp="15 十二月 2017 00:43:31 GMT" time="37.145" errors="0">
  <testcase name="beforeBoke" time="9.843" classname="com.admin.team.Boke"/>
  <testcase name="AddBoke" time="27.302" classname="com.admin.team.Boke"/>
</testsuite> <!-- com.admin.team.Boke -->
