<?xml version="1.0" encoding="UTF-8"?>
<!-- Generated by org.testng.reporters.JUnitReportReporter -->
<testsuite skipped="0" hostname="DESKTOP-RVOGGDU" name="com.admin.team.SettingsBoke" tests="4" failures="0" timestamp="13 十二月 2017 08:50:29 GMT" time="65.575" errors="0">
  <testcase name="addLeimu" time="6.664" classname="com.admin.team.SettingsBoke"/>
  <testcase name="AddZileimu" time="9.794" classname="com.admin.team.SettingsBoke"/>
  <testcase name="BianjiBoke" time="32.792" classname="com.admin.team.SettingsBoke"/>
  <testcase name="beforeSettingsBoke" time="16.325" classname="com.admin.team.SettingsBoke"/>
</testsuite> <!-- com.admin.team.SettingsBoke -->
