<?xml version="1.0" encoding="UTF-8"?>
<!-- Generated by org.testng.reporters.JUnitReportReporter -->
<testsuite skipped="0" hostname="DESKTOP-RVOGGDU" name="com.admin.team.SettingsBoke" tests="2" failures="0" timestamp="15 十二月 2017 00:25:18 GMT" time="22.798" errors="0">
  <testcase name="beforeSettingsBoke" time="16.277" classname="com.admin.team.SettingsBoke"/>
  <testcase name="addLeimu" time="6.521" classname="com.admin.team.SettingsBoke"/>
</testsuite> <!-- com.admin.team.SettingsBoke -->
