<?xml version="1.0" encoding="UTF-8"?>
<!-- Generated by org.testng.reporters.JUnitReportReporter -->
<testsuite skipped="0" hostname="DESKTOP-RVOGGDU" name="com.admin.team.SettingsRole" tests="2" failures="0" timestamp="08 十二月 2017 03:07:03 GMT" time="34.613" errors="0">
  <testcase name="before" time="20.704" classname="com.admin.team.SettingsRole"/>
  <testcase name="addRole" time="13.909" classname="com.admin.team.SettingsRole"/>
</testsuite> <!-- com.admin.team.SettingsRole -->
