<?xml version="1.0" encoding="UTF-8"?>
<!-- Generated by org.testng.reporters.JUnitReportReporter -->
<testsuite skipped="0" hostname="DESKTOP-RVOGGDU" name="com.admin.team.LunTan" tests="6" failures="0" timestamp="13 十二月 2017 08:50:29 GMT" time="56.185" errors="0">
  <testcase name="DeleteHuiTie" time="6.257" classname="com.admin.team.LunTan"/>
  <testcase name="HuiTie" time="9.571" classname="com.admin.team.LunTan"/>
  <testcase name="ChaKanTiezi" time="10.563" classname="com.admin.team.LunTan"/>
  <testcase name="BanKuaiZhiDing" time="9.445" classname="com.admin.team.LunTan"/>
  <testcase name="beforeLunTan" time="9.745" classname="com.admin.team.LunTan"/>
  <testcase name="BianJiTZ" time="10.604" classname="com.admin.team.LunTan"/>
</testsuite> <!-- com.admin.team.LunTan -->
