<?xml version="1.0" encoding="UTF-8"?>
<!-- Generated by org.testng.reporters.JUnitReportReporter -->
<testsuite skipped="0" hostname="DESKTOP-RVOGGDU" name="com.admin.team.Settings" tests="6" failures="0" timestamp="24 十一月 2017 06:16:02 GMT" time="52.794" errors="0">
  <testcase name="clickteambutton" time="3.414" classname="com.admin.team.Settings"/>
  <testcase name="clicksettingbutton" time="6.680" classname="com.admin.team.Settings"/>
  <testcase name="clickBumen" time="9.763" classname="com.admin.team.Settings"/>
  <testcase name="BianjiBumen" time="19.874" classname="com.admin.team.Settings"/>
  <testcase name="ZiBumen" time="9.928" classname="com.admin.team.Settings"/>
  <testcase name="DeleteBumen" time="3.135" classname="com.admin.team.Settings"/>
</testsuite> <!-- com.admin.team.Settings -->
