<?xml version="1.0" encoding="UTF-8"?>
<!-- Generated by org.testng.reporters.JUnitReportReporter -->
<testsuite skipped="0" hostname="DESKTOP-RVOGGDU" name="com.admin.login.SettingsBumen" tests="1" failures="0" timestamp="12 十二月 2017 08:07:56 GMT" time="17.411" errors="0">
  <testcase name="before" time="17.411" classname="com.admin.login.SettingsBumen"/>
</testsuite> <!-- com.admin.login.SettingsBumen -->
