<?xml version="1.0" encoding="UTF-8"?>
<!-- Generated by org.testng.reporters.JUnitReportReporter -->
<testsuite skipped="0" hostname="DESKTOP-RVOGGDU" name="com.admin.team.SettingsBoke" tests="4" failures="0" timestamp="13 十二月 2017 07:26:36 GMT" time="65.137" errors="0">
  <testcase name="AddZileimu" time="9.764" classname="com.admin.team.SettingsBoke"/>
  <testcase name="beforeSettingsBoke" time="16.151" classname="com.admin.team.SettingsBoke"/>
  <testcase name="addLeimu" time="6.463" classname="com.admin.team.SettingsBoke"/>
  <testcase name="BianjiBoke" time="32.759" classname="com.admin.team.SettingsBoke"/>
</testsuite> <!-- com.admin.team.SettingsBoke -->
