<?xml version="1.0" encoding="UTF-8"?>
<!-- Generated by org.testng.reporters.JUnitReportReporter -->
<testsuite skipped="0" hostname="DESKTOP-RVOGGDU" name="com.admin.team.LunTan" tests="6" failures="0" timestamp="13 十二月 2017 07:26:36 GMT" time="56.245" errors="0">
  <testcase name="beforeLunTan" time="9.760" classname="com.admin.team.LunTan"/>
  <testcase name="BianJiTZ" time="10.692" classname="com.admin.team.LunTan"/>
  <testcase name="ChaKanTiezi" time="10.485" classname="com.admin.team.LunTan"/>
  <testcase name="HuiTie" time="9.528" classname="com.admin.team.LunTan"/>
  <testcase name="DeleteHuiTie" time="6.306" classname="com.admin.team.LunTan"/>
  <testcase name="BanKuaiZhiDing" time="9.474" classname="com.admin.team.LunTan"/>
</testsuite> <!-- com.admin.team.LunTan -->
