<?xml version="1.0" encoding="UTF-8"?>
<!-- Generated by org.testng.reporters.JUnitReportReporter -->
<testsuite skipped="0" hostname="DESKTOP-RVOGGDU" name="com.admin.team.SettingsBoke" tests="4" failures="0" timestamp="30 十一月 2017 06:43:10 GMT" time="49.039" errors="0">
  <testcase name="clickteambutton" time="3.373" classname="com.admin.team.SettingsBoke"/>
  <testcase name="clicksettingbutton" time="6.398" classname="com.admin.team.SettingsBoke"/>
  <testcase name="ClickBoke" time="6.420" classname="com.admin.team.SettingsBoke"/>
  <testcase name="BianjiBoke" time="32.848" classname="com.admin.team.SettingsBoke"/>
</testsuite> <!-- com.admin.team.SettingsBoke -->
