<?xml version="1.0" encoding="UTF-8"?>
<!-- Generated by org.testng.reporters.JUnitReportReporter -->
<testsuite skipped="0" hostname="DESKTOP-RVOGGDU" name="com.admin.login.SettingsBoke" tests="1" failures="0" timestamp="12 十二月 2017 08:07:56 GMT" time="18.252" errors="0">
  <testcase name="before" time="18.252" classname="com.admin.login.SettingsBoke"/>
</testsuite> <!-- com.admin.login.SettingsBoke -->
