<?xml version="1.0" encoding="UTF-8"?>
<!-- Generated by org.testng.reporters.JUnitReportReporter -->
<testsuite skipped="0" hostname="DESKTOP-RVOGGDU" name="com.admin.team.SettingsRole" tests="3" failures="0" timestamp="13 十二月 2017 07:26:36 GMT" time="40.360" errors="0">
  <testcase name="beforeSettingsRole" time="20.200" classname="com.admin.team.SettingsRole"/>
  <testcase name="changeRole" time="6.408" classname="com.admin.team.SettingsRole"/>
  <testcase name="addRole" time="13.752" classname="com.admin.team.SettingsRole"/>
</testsuite> <!-- com.admin.team.SettingsRole -->
