<?xml version="1.0" encoding="UTF-8"?>
<!-- Generated by org.testng.reporters.JUnitReportReporter -->
<testsuite skipped="0" hostname="DESKTOP-RVOGGDU" name="com.admin.team.SettingsBumen" tests="4" failures="0" timestamp="13 十二月 2017 07:26:36 GMT" time="55.250" errors="0">
  <testcase name="beforeSettingsBumen" time="16.217" classname="com.admin.team.SettingsBumen"/>
  <testcase name="DeleteBumen" time="6.284" classname="com.admin.team.SettingsBumen"/>
  <testcase name="clickteambutton" time="22.940" classname="com.admin.team.SettingsBumen"/>
  <testcase name="AddBumen" time="9.809" classname="com.admin.team.SettingsBumen"/>
</testsuite> <!-- com.admin.team.SettingsBumen -->
