<?xml version="1.0" encoding="UTF-8"?>
<!-- Generated by org.testng.reporters.JUnitReportReporter -->
<testsuite skipped="0" hostname="DESKTOP-RVOGGDU" name="com.admin.team.Parterner" tests="2" failures="0" timestamp="08 十二月 2017 00:30:11 GMT" time="17.530" errors="0">
  <testcase name="ChakanPartener" time="13.593" classname="com.admin.team.Parterner"/>
  <testcase name="ChakanERwm" time="3.937" classname="com.admin.team.Parterner"/>
</testsuite> <!-- com.admin.team.Parterner -->
