<?xml version="1.0" encoding="UTF-8"?>
<!-- Generated by org.testng.reporters.JUnitReportReporter -->
<testsuite skipped="0" hostname="DESKTOP-RVOGGDU" name="com.user.login.LoginTest" tests="2" failures="0" timestamp="12 十二月 2017 06:27:56 GMT" time="16.924" errors="0">
  <testcase name="LoginFail" time="7.885" classname="com.user.login.LoginTest"/>
  <testcase name="LoginSuccess" time="9.039" classname="com.user.login.LoginTest"/>
</testsuite> <!-- com.user.login.LoginTest -->
