<?xml version="1.0" encoding="UTF-8"?>
<!-- Generated by org.testng.reporters.JUnitReportReporter -->
<testsuite skipped="0" hostname="DESKTOP-RVOGGDU" name="com.admin.login.LoginTest" tests="2" failures="0" timestamp="30 十一月 2017 09:01:34 GMT" time="11.938" errors="0">
  <testcase name="LoginFail" time="5.695" classname="com.admin.login.LoginTest"/>
  <testcase name="LoginSuccess" time="6.243" classname="com.admin.login.LoginTest"/>
</testsuite> <!-- com.admin.login.LoginTest -->
