<?xml version="1.0" encoding="UTF-8"?>
<!-- Generated by org.testng.reporters.JUnitReportReporter -->
<testsuite skipped="0" hostname="DESKTOP-RVOGGDU" name="com.user.login.LoginTest" tests="2" failures="0" timestamp="17 十一月 2017 06:34:45 GMT" time="10.885" errors="0">
  <testcase name="LoginSuccess" time="5.133" classname="com.user.login.LoginTest"/>
  <testcase name="LoginFail" time="5.752" classname="com.user.login.LoginTest"/>
</testsuite> <!-- com.user.login.LoginTest -->
