<?xml version="1.0" encoding="UTF-8"?>
<!-- Generated by org.testng.reporters.JUnitReportReporter -->
<testsuite skipped="0" hostname="DESKTOP-RVOGGDU" name="com.user.login.LoginTest" tests="2" failures="0" timestamp="21 十一月 2017 02:03:44 GMT" time="15.301" errors="0">
  <testcase name="LoginFail" time="7.749" classname="com.user.login.LoginTest"/>
  <testcase name="LoginSuccess" time="7.552" classname="com.user.login.LoginTest"/>
</testsuite> <!-- com.user.login.LoginTest -->
