<?xml version="1.0" encoding="UTF-8"?>
<!-- Generated by org.testng.reporters.JUnitReportReporter -->
<testsuite skipped="0" hostname="DESKTOP-RVOGGDU" name="com.admin.team.SettingsBankuai" tests="3" failures="0" timestamp="13 十二月 2017 08:50:29 GMT" time="49.163" errors="0">
  <testcase name="AddBankuai" time="6.548" classname="com.admin.team.SettingsBankuai"/>
  <testcase name="BianjiZibank" time="29.501" classname="com.admin.team.SettingsBankuai"/>
  <testcase name="beforeSettingsBankuai" time="13.114" classname="com.admin.team.SettingsBankuai"/>
</testsuite> <!-- com.admin.team.SettingsBankuai -->
